<?xml version="1.0" encoding="UTF-8" ?>
<testsuite failures="0" time="0.054" errors="0" skipped="0" tests="8" name="dao.TestUtilisateurDAO">
  <properties>
[...]
</properties>
  <testcase time="0.009" classname="dao.TestUtilisateurDAO" name="testFindById"/>
  <testcase time="0.004" classname="dao.TestUtilisateurDAO" name="testUpdate"/>
  <testcase time="0.005" classname="dao.TestUtilisateurDAO" name="testCreate"/>
  <testcase time="0.03" classname="dao.TestUtilisateurDAO" name="testDelete"/>
  <testcase time="0" classname="dao.TestUtilisateurDAO" name="testFindByUtilisateur"/>
  <testcase time="0" classname="dao.TestUtilisateurDAO" name="testFindByUtilisateurMult"/>
  <testcase time="0" classname="dao.TestUtilisateurDAO" name="testFindAll"/>
  <testcase time="0.005" classname="dao.TestUtilisateurDAO" name="testCountAll"/>
</testsuite>